[0.482s] Invoking command in '/home/autodrive_devkit/ws/src/build/f1tenth_description': CMAKE_PREFIX_PATH=/opt/ros/humble /usr/bin/cmake /home/autodrive_devkit/ws/src/f1tenth_description -DCMAKE_INSTALL_PREFIX=/home/autodrive_devkit/ws/src/install/f1tenth_description
[0.707s] -- The C compiler identification is GNU 11.4.0
[0.827s] -- The CXX compiler identification is GNU 11.4.0
[0.839s] -- Detecting C compiler ABI info
[0.933s] -- Detecting C compiler ABI info - done
[0.943s] -- Check for working C compiler: /usr/bin/cc - skipped
[0.945s] -- Detecting C compile features
[0.946s] -- Detecting C compile features - done
[0.950s] -- Detecting CXX compiler ABI info
[1.055s] -- Detecting CXX compiler ABI info - done
[1.065s] -- Check for working CXX compiler: /usr/bin/c++ - skipped
[1.065s] -- Detecting CXX compile features
[1.066s] -- Detecting CXX compile features - done
[1.073s] -- Found ament_cmake: 1.3.12 (/opt/ros/humble/share/ament_cmake/cmake)
[1.973s] -- Found Python3: /usr/bin/python3 (found version "3.10.12") found components: Interpreter 
[2.128s] -- Found xacro: 2.0.13 (/opt/ros/humble/share/xacro/cmake)
[2.133s] -- Found robot_state_publisher: 3.0.3 (/opt/ros/humble/share/robot_state_publisher/cmake)
[2.222s] -- Found rosidl_generator_c: 3.1.7 (/opt/ros/humble/share/rosidl_generator_c/cmake)
[2.231s] -- Found rosidl_adapter: 3.1.7 (/opt/ros/humble/share/rosidl_adapter/cmake)
[2.247s] -- Found rosidl_generator_cpp: 3.1.7 (/opt/ros/humble/share/rosidl_generator_cpp/cmake)
[2.269s] -- Using all available rosidl_typesupport_c: rosidl_typesupport_fastrtps_c;rosidl_typesupport_introspection_c
[2.298s] -- Using all available rosidl_typesupport_cpp: rosidl_typesupport_fastrtps_cpp;rosidl_typesupport_introspection_cpp
[2.401s] -- Found eigen3_cmake_module: 0.1.1 (/opt/ros/humble/share/eigen3_cmake_module/cmake)
[2.404s] -- Found Eigen3: TRUE (found version "3.4.0") 
[2.404s] -- Ensuring Eigen3 include directory is part of orocos-kdl CMake target
[2.470s] -- Found rmw_implementation_cmake: 6.1.2 (/opt/ros/humble/share/rmw_implementation_cmake/cmake)
[2.474s] -- Found rmw_fastrtps_cpp: 6.2.8 (/opt/ros/humble/share/rmw_fastrtps_cpp/cmake)
[2.591s] -- Found OpenSSL: /usr/lib/x86_64-linux-gnu/libcrypto.so (found version "3.0.2")  
[2.636s] -- Found FastRTPS: /opt/ros/humble/include  
[2.705s] -- Using RMW implementation 'rmw_fastrtps_cpp' as default
[2.719s] -- Looking for pthread.h
[2.812s] -- Looking for pthread.h - found
[2.812s] -- Performing Test CMAKE_HAVE_LIBC_PTHREAD
[2.905s] -- Performing Test CMAKE_HAVE_LIBC_PTHREAD - Success
[2.907s] -- Found Threads: TRUE  
[3.319s] -- Configuring done
[3.328s] -- Generating done
[3.331s] -- Build files have been written to: /home/autodrive_devkit/ws/src/build/f1tenth_description
