[0.331s] DEBUG:colcon:Command line arguments: ['/usr/bin/colcon', 'build']
[0.331s] DEBUG:colcon:Parsed command line arguments: Namespace(log_base=None, log_level=None, verb_name='build', build_base='build', install_base='install', merge_install=False, symlink_install=False, test_result_base=None, continue_on_error=False, executor='parallel', parallel_workers=8, event_handlers=None, ignore_user_meta=False, metas=['./colcon.meta'], base_paths=['.'], packages_ignore=None, packages_ignore_regex=None, paths=None, packages_up_to=None, packages_up_to_regex=None, packages_above=None, packages_above_and_dependencies=None, packages_above_depth=None, packages_select_by_dep=None, packages_skip_by_dep=None, packages_skip_up_to=None, packages_select_build_failed=False, packages_skip_build_finished=False, packages_select_test_failures=False, packages_skip_test_passed=False, packages_select=None, packages_skip=None, packages_select_regex=None, packages_skip_regex=None, packages_start=None, packages_end=None, cmake_args=None, cmake_target=None, cmake_target_skip_unavailable=False, cmake_clean_cache=False, cmake_clean_first=False, cmake_force_configure=False, ament_cmake_args=None, catkin_cmake_args=None, catkin_skip_building_tests=False, mixin_files=None, mixin=None, verb_parser=<colcon_mixin.mixin.mixin_argument.MixinArgumentDecorator object at 0x75ccd97e8730>, verb_extension=<colcon_core.verb.build.BuildVerb object at 0x75ccd98f55a0>, main=<bound method BuildVerb.main of <colcon_core.verb.build.BuildVerb object at 0x75ccd98f55a0>>, mixin_verb=('build',))
[0.723s] Level 1:colcon.colcon_core.package_discovery:discover_packages(colcon_meta) check parameters
[0.725s] INFO:colcon.colcon_metadata.package_discovery.colcon_meta:Using configuration from '/root/.colcon/metadata/default/Gazebo.meta'
[0.726s] INFO:colcon.colcon_metadata.package_discovery.colcon_meta:Using configuration from '/root/.colcon/metadata/default/fastdds.meta'
[0.727s] INFO:colcon.colcon_metadata.package_discovery.colcon_meta:Using configuration from '/root/.colcon/metadata/default/fastrtps.meta'
[0.727s] Level 1:colcon.colcon_core.package_discovery:discover_packages(recursive) check parameters
[0.727s] Level 1:colcon.colcon_core.package_discovery:discover_packages(ignore) check parameters
[0.727s] Level 1:colcon.colcon_core.package_discovery:discover_packages(path) check parameters
[0.727s] Level 1:colcon.colcon_core.package_discovery:discover_packages(colcon_meta) discover
[0.727s] Level 1:colcon.colcon_core.package_discovery:discover_packages(recursive) discover
[0.727s] INFO:colcon.colcon_core.package_discovery:Crawling recursively for packages in '/home/autodrive_devkit/ws/src'
[0.727s] Level 1:colcon.colcon_core.package_identification:_identify(.) by extensions ['ignore', 'ignore_ament_install']
[0.727s] Level 1:colcon.colcon_core.package_identification:_identify(.) by extension 'ignore'
[0.727s] Level 1:colcon.colcon_core.package_identification:_identify(.) by extension 'ignore_ament_install'
[0.727s] Level 1:colcon.colcon_core.package_identification:_identify(.) by extensions ['colcon_pkg']
[0.727s] Level 1:colcon.colcon_core.package_identification:_identify(.) by extension 'colcon_pkg'
[0.728s] Level 1:colcon.colcon_core.package_identification:_identify(.) by extensions ['colcon_meta']
[0.728s] Level 1:colcon.colcon_core.package_identification:_identify(.) by extension 'colcon_meta'
[0.728s] Level 1:colcon.colcon_core.package_identification:_identify(.) by extensions ['ros']
[0.728s] Level 1:colcon.colcon_core.package_identification:_identify(.) by extension 'ros'
[0.751s] Level 1:colcon.colcon_core.package_identification:_identify(.) by extensions ['cmake', 'python']
[0.751s] Level 1:colcon.colcon_core.package_identification:_identify(.) by extension 'cmake'
[0.751s] Level 1:colcon.colcon_core.package_identification:_identify(.) by extension 'python'
[0.751s] Level 1:colcon.colcon_core.package_identification:_identify(.) by extensions ['python_setup_py']
[0.751s] Level 1:colcon.colcon_core.package_identification:_identify(.) by extension 'python_setup_py'
[0.751s] Level 1:colcon.colcon_core.package_identification:_identify(autodrive_f1tenth) by extensions ['ignore', 'ignore_ament_install']
[0.751s] Level 1:colcon.colcon_core.package_identification:_identify(autodrive_f1tenth) by extension 'ignore'
[0.751s] Level 1:colcon.colcon_core.package_identification:_identify(autodrive_f1tenth) by extension 'ignore_ament_install'
[0.751s] Level 1:colcon.colcon_core.package_identification:_identify(autodrive_f1tenth) by extensions ['colcon_pkg']
[0.751s] Level 1:colcon.colcon_core.package_identification:_identify(autodrive_f1tenth) by extension 'colcon_pkg'
[0.751s] Level 1:colcon.colcon_core.package_identification:_identify(autodrive_f1tenth) by extensions ['colcon_meta']
[0.751s] Level 1:colcon.colcon_core.package_identification:_identify(autodrive_f1tenth) by extension 'colcon_meta'
[0.751s] Level 1:colcon.colcon_core.package_identification:_identify(autodrive_f1tenth) by extensions ['ros']
[0.751s] Level 1:colcon.colcon_core.package_identification:_identify(autodrive_f1tenth) by extension 'ros'
[0.756s] DEBUG:colcon.colcon_core.package_identification:Package 'autodrive_f1tenth' with type 'ros.ament_python' and name 'autodrive_f1tenth'
[0.756s] Level 1:colcon.colcon_core.package_identification:_identify(build) by extensions ['ignore', 'ignore_ament_install']
[0.756s] Level 1:colcon.colcon_core.package_identification:_identify(build) by extension 'ignore'
[0.756s] Level 1:colcon.colcon_core.package_identification:_identify(build) ignored
[0.756s] Level 1:colcon.colcon_core.package_identification:_identify(f1tenth_description) by extensions ['ignore', 'ignore_ament_install']
[0.756s] Level 1:colcon.colcon_core.package_identification:_identify(f1tenth_description) by extension 'ignore'
[0.756s] Level 1:colcon.colcon_core.package_identification:_identify(f1tenth_description) by extension 'ignore_ament_install'
[0.756s] Level 1:colcon.colcon_core.package_identification:_identify(f1tenth_description) by extensions ['colcon_pkg']
[0.756s] Level 1:colcon.colcon_core.package_identification:_identify(f1tenth_description) by extension 'colcon_pkg'
[0.757s] Level 1:colcon.colcon_core.package_identification:_identify(f1tenth_description) by extensions ['colcon_meta']
[0.757s] Level 1:colcon.colcon_core.package_identification:_identify(f1tenth_description) by extension 'colcon_meta'
[0.757s] Level 1:colcon.colcon_core.package_identification:_identify(f1tenth_description) by extensions ['ros']
[0.757s] Level 1:colcon.colcon_core.package_identification:_identify(f1tenth_description) by extension 'ros'
[0.757s] DEBUG:colcon.colcon_core.package_identification:Package 'f1tenth_description' with type 'ros.ament_cmake' and name 'f1tenth_description'
[0.758s] Level 1:colcon.colcon_core.package_identification:_identify(f1tenth_dynsim) by extensions ['ignore', 'ignore_ament_install']
[0.758s] Level 1:colcon.colcon_core.package_identification:_identify(f1tenth_dynsim) by extension 'ignore'
[0.758s] Level 1:colcon.colcon_core.package_identification:_identify(f1tenth_dynsim) by extension 'ignore_ament_install'
[0.758s] Level 1:colcon.colcon_core.package_identification:_identify(f1tenth_dynsim) by extensions ['colcon_pkg']
[0.758s] Level 1:colcon.colcon_core.package_identification:_identify(f1tenth_dynsim) by extension 'colcon_pkg'
[0.758s] Level 1:colcon.colcon_core.package_identification:_identify(f1tenth_dynsim) by extensions ['colcon_meta']
[0.758s] Level 1:colcon.colcon_core.package_identification:_identify(f1tenth_dynsim) by extension 'colcon_meta'
[0.758s] Level 1:colcon.colcon_core.package_identification:_identify(f1tenth_dynsim) by extensions ['ros']
[0.758s] Level 1:colcon.colcon_core.package_identification:_identify(f1tenth_dynsim) by extension 'ros'
[0.759s] DEBUG:colcon.colcon_core.package_identification:Package 'f1tenth_dynsim' with type 'ros.ament_cmake' and name 'f1tenth_dynsim'
[0.759s] Level 1:colcon.colcon_core.package_identification:_identify(install) by extensions ['ignore', 'ignore_ament_install']
[0.759s] Level 1:colcon.colcon_core.package_identification:_identify(install) by extension 'ignore'
[0.759s] Level 1:colcon.colcon_core.package_identification:_identify(install) ignored
[0.759s] Level 1:colcon.colcon_core.package_identification:_identify(log) by extensions ['ignore', 'ignore_ament_install']
[0.759s] Level 1:colcon.colcon_core.package_identification:_identify(log) by extension 'ignore'
[0.760s] Level 1:colcon.colcon_core.package_identification:_identify(log) ignored
[0.760s] Level 1:colcon.colcon_core.package_discovery:discover_packages(recursive) using defaults
[0.760s] Level 1:colcon.colcon_core.package_discovery:discover_packages(ignore) discover
[0.760s] Level 1:colcon.colcon_core.package_discovery:discover_packages(ignore) using defaults
[0.760s] Level 1:colcon.colcon_core.package_discovery:discover_packages(path) discover
[0.760s] Level 1:colcon.colcon_core.package_discovery:discover_packages(path) using defaults
[0.797s] Level 5:colcon.colcon_core.verb:set package 'autodrive_f1tenth' build argument 'cmake_args' from command line to 'None'
[0.797s] Level 5:colcon.colcon_core.verb:set package 'autodrive_f1tenth' build argument 'cmake_target' from command line to 'None'
[0.797s] Level 5:colcon.colcon_core.verb:set package 'autodrive_f1tenth' build argument 'cmake_target_skip_unavailable' from command line to 'False'
[0.797s] Level 5:colcon.colcon_core.verb:set package 'autodrive_f1tenth' build argument 'cmake_clean_cache' from command line to 'False'
[0.797s] Level 5:colcon.colcon_core.verb:set package 'autodrive_f1tenth' build argument 'cmake_clean_first' from command line to 'False'
[0.797s] Level 5:colcon.colcon_core.verb:set package 'autodrive_f1tenth' build argument 'cmake_force_configure' from command line to 'False'
[0.797s] Level 5:colcon.colcon_core.verb:set package 'autodrive_f1tenth' build argument 'ament_cmake_args' from command line to 'None'
[0.797s] Level 5:colcon.colcon_core.verb:set package 'autodrive_f1tenth' build argument 'catkin_cmake_args' from command line to 'None'
[0.797s] Level 5:colcon.colcon_core.verb:set package 'autodrive_f1tenth' build argument 'catkin_skip_building_tests' from command line to 'False'
[0.797s] DEBUG:colcon.colcon_core.verb:Building package 'autodrive_f1tenth' with the following arguments: {'ament_cmake_args': None, 'build_base': '/home/autodrive_devkit/ws/src/build/autodrive_f1tenth', 'catkin_cmake_args': None, 'catkin_skip_building_tests': False, 'cmake_args': None, 'cmake_clean_cache': False, 'cmake_clean_first': False, 'cmake_force_configure': False, 'cmake_target': None, 'cmake_target_skip_unavailable': False, 'install_base': '/home/autodrive_devkit/ws/src/install/autodrive_f1tenth', 'merge_install': False, 'path': '/home/autodrive_devkit/ws/src/autodrive_f1tenth', 'symlink_install': False, 'test_result_base': None}
[0.797s] Level 5:colcon.colcon_core.verb:set package 'f1tenth_description' build argument 'cmake_args' from command line to 'None'
[0.797s] Level 5:colcon.colcon_core.verb:set package 'f1tenth_description' build argument 'cmake_target' from command line to 'None'
[0.797s] Level 5:colcon.colcon_core.verb:set package 'f1tenth_description' build argument 'cmake_target_skip_unavailable' from command line to 'False'
[0.797s] Level 5:colcon.colcon_core.verb:set package 'f1tenth_description' build argument 'cmake_clean_cache' from command line to 'False'
[0.797s] Level 5:colcon.colcon_core.verb:set package 'f1tenth_description' build argument 'cmake_clean_first' from command line to 'False'
[0.798s] Level 5:colcon.colcon_core.verb:set package 'f1tenth_description' build argument 'cmake_force_configure' from command line to 'False'
[0.798s] Level 5:colcon.colcon_core.verb:set package 'f1tenth_description' build argument 'ament_cmake_args' from command line to 'None'
[0.798s] Level 5:colcon.colcon_core.verb:set package 'f1tenth_description' build argument 'catkin_cmake_args' from command line to 'None'
[0.798s] Level 5:colcon.colcon_core.verb:set package 'f1tenth_description' build argument 'catkin_skip_building_tests' from command line to 'False'
[0.798s] DEBUG:colcon.colcon_core.verb:Building package 'f1tenth_description' with the following arguments: {'ament_cmake_args': None, 'build_base': '/home/autodrive_devkit/ws/src/build/f1tenth_description', 'catkin_cmake_args': None, 'catkin_skip_building_tests': False, 'cmake_args': None, 'cmake_clean_cache': False, 'cmake_clean_first': False, 'cmake_force_configure': False, 'cmake_target': None, 'cmake_target_skip_unavailable': False, 'install_base': '/home/autodrive_devkit/ws/src/install/f1tenth_description', 'merge_install': False, 'path': '/home/autodrive_devkit/ws/src/f1tenth_description', 'symlink_install': False, 'test_result_base': None}
[0.798s] Level 5:colcon.colcon_core.verb:set package 'f1tenth_dynsim' build argument 'cmake_args' from command line to 'None'
[0.798s] Level 5:colcon.colcon_core.verb:set package 'f1tenth_dynsim' build argument 'cmake_target' from command line to 'None'
[0.798s] Level 5:colcon.colcon_core.verb:set package 'f1tenth_dynsim' build argument 'cmake_target_skip_unavailable' from command line to 'False'
[0.798s] Level 5:colcon.colcon_core.verb:set package 'f1tenth_dynsim' build argument 'cmake_clean_cache' from command line to 'False'
[0.798s] Level 5:colcon.colcon_core.verb:set package 'f1tenth_dynsim' build argument 'cmake_clean_first' from command line to 'False'
[0.798s] Level 5:colcon.colcon_core.verb:set package 'f1tenth_dynsim' build argument 'cmake_force_configure' from command line to 'False'
[0.798s] Level 5:colcon.colcon_core.verb:set package 'f1tenth_dynsim' build argument 'ament_cmake_args' from command line to 'None'
[0.798s] Level 5:colcon.colcon_core.verb:set package 'f1tenth_dynsim' build argument 'catkin_cmake_args' from command line to 'None'
[0.798s] Level 5:colcon.colcon_core.verb:set package 'f1tenth_dynsim' build argument 'catkin_skip_building_tests' from command line to 'False'
[0.798s] DEBUG:colcon.colcon_core.verb:Building package 'f1tenth_dynsim' with the following arguments: {'ament_cmake_args': None, 'build_base': '/home/autodrive_devkit/ws/src/build/f1tenth_dynsim', 'catkin_cmake_args': None, 'catkin_skip_building_tests': False, 'cmake_args': None, 'cmake_clean_cache': False, 'cmake_clean_first': False, 'cmake_force_configure': False, 'cmake_target': None, 'cmake_target_skip_unavailable': False, 'install_base': '/home/autodrive_devkit/ws/src/install/f1tenth_dynsim', 'merge_install': False, 'path': '/home/autodrive_devkit/ws/src/f1tenth_dynsim', 'symlink_install': False, 'test_result_base': None}
[0.798s] INFO:colcon.colcon_core.executor:Executing jobs using 'parallel' executor
[0.800s] DEBUG:colcon.colcon_parallel_executor.executor.parallel:run_until_complete
[0.800s] INFO:colcon.colcon_ros.task.ament_python.build:Building ROS package in '/home/autodrive_devkit/ws/src/autodrive_f1tenth' with build type 'ament_python'
[0.800s] Level 1:colcon.colcon_core.shell:create_environment_hook('autodrive_f1tenth', 'ament_prefix_path')
[0.805s] INFO:colcon.colcon_core.plugin_system:Skipping extension 'colcon_core.shell.bat': Not used on non-Windows systems
[0.806s] INFO:colcon.colcon_core.shell:Creating environment hook '/home/autodrive_devkit/ws/src/install/autodrive_f1tenth/share/autodrive_f1tenth/hook/ament_prefix_path.ps1'
[0.807s] INFO:colcon.colcon_core.shell:Creating environment descriptor '/home/autodrive_devkit/ws/src/install/autodrive_f1tenth/share/autodrive_f1tenth/hook/ament_prefix_path.dsv'
[0.807s] INFO:colcon.colcon_core.shell:Creating environment hook '/home/autodrive_devkit/ws/src/install/autodrive_f1tenth/share/autodrive_f1tenth/hook/ament_prefix_path.sh'
[0.808s] INFO:colcon.colcon_core.shell:Skip shell extension 'powershell' for command environment: Not usable outside of PowerShell
[0.808s] DEBUG:colcon.colcon_core.shell:Skip shell extension 'dsv' for command environment
[0.816s] INFO:colcon.colcon_ros.task.ament_cmake.build:Building ROS package in '/home/autodrive_devkit/ws/src/f1tenth_description' with build type 'ament_cmake'
[0.816s] INFO:colcon.colcon_cmake.task.cmake.build:Building CMake package in '/home/autodrive_devkit/ws/src/f1tenth_description'
[0.817s] INFO:colcon.colcon_core.shell:Skip shell extension 'powershell' for command environment: Not usable outside of PowerShell
[0.817s] DEBUG:colcon.colcon_core.shell:Skip shell extension 'dsv' for command environment
[0.822s] INFO:colcon.colcon_ros.task.ament_cmake.build:Building ROS package in '/home/autodrive_devkit/ws/src/f1tenth_dynsim' with build type 'ament_cmake'
[0.823s] INFO:colcon.colcon_cmake.task.cmake.build:Building CMake package in '/home/autodrive_devkit/ws/src/f1tenth_dynsim'
[0.823s] INFO:colcon.colcon_core.shell:Skip shell extension 'powershell' for command environment: Not usable outside of PowerShell
[0.823s] DEBUG:colcon.colcon_core.shell:Skip shell extension 'dsv' for command environment
[1.293s] INFO:colcon.colcon_core.task.python.build:Building Python package in '/home/autodrive_devkit/ws/src/autodrive_f1tenth'
[1.293s] INFO:colcon.colcon_core.shell:Skip shell extension 'powershell' for command environment: Not usable outside of PowerShell
[1.293s] DEBUG:colcon.colcon_core.shell:Skip shell extension 'dsv' for command environment
[1.299s] DEBUG:colcon.colcon_core.event_handler.log_command:Invoking command in '/home/autodrive_devkit/ws/src/build/f1tenth_description': CMAKE_PREFIX_PATH=/opt/ros/humble /usr/bin/cmake /home/autodrive_devkit/ws/src/f1tenth_description -DCMAKE_INSTALL_PREFIX=/home/autodrive_devkit/ws/src/install/f1tenth_description
[1.306s] DEBUG:colcon.colcon_core.event_handler.log_command:Invoking command in '/home/autodrive_devkit/ws/src/build/f1tenth_dynsim': CMAKE_PREFIX_PATH=/opt/ros/humble /usr/bin/cmake /home/autodrive_devkit/ws/src/f1tenth_dynsim -DCMAKE_INSTALL_PREFIX=/home/autodrive_devkit/ws/src/install/f1tenth_dynsim
[2.163s] DEBUG:colcon.colcon_core.event_handler.log_command:Invoking command in '/home/autodrive_devkit/ws/src/autodrive_f1tenth': PYTHONPATH=/home/autodrive_devkit/ws/src/build/autodrive_f1tenth/prefix_override:/usr/lib/python3/dist-packages/colcon_core/task/python/colcon_distutils_commands:/home/autodrive_devkit/ws/src/install/autodrive_f1tenth/lib/python3.10/site-packages:${PYTHONPATH} /usr/bin/python3 -W ignore:setup.py install is deprecated -W ignore:easy_install command is deprecated setup.py egg_info --egg-base ../build/autodrive_f1tenth build --build-base /home/autodrive_devkit/ws/src/build/autodrive_f1tenth/build install --record /home/autodrive_devkit/ws/src/build/autodrive_f1tenth/install.log --single-version-externally-managed install_data
[2.917s] DEBUG:colcon.colcon_core.event_handler.log_command:Invoked command in '/home/autodrive_devkit/ws/src/autodrive_f1tenth' returned '0': PYTHONPATH=/home/autodrive_devkit/ws/src/build/autodrive_f1tenth/prefix_override:/usr/lib/python3/dist-packages/colcon_core/task/python/colcon_distutils_commands:/home/autodrive_devkit/ws/src/install/autodrive_f1tenth/lib/python3.10/site-packages:${PYTHONPATH} /usr/bin/python3 -W ignore:setup.py install is deprecated -W ignore:easy_install command is deprecated setup.py egg_info --egg-base ../build/autodrive_f1tenth build --build-base /home/autodrive_devkit/ws/src/build/autodrive_f1tenth/build install --record /home/autodrive_devkit/ws/src/build/autodrive_f1tenth/install.log --single-version-externally-managed install_data
[2.925s] Level 1:colcon.colcon_core.environment:checking '/home/autodrive_devkit/ws/src/install/autodrive_f1tenth' for CMake module files
[2.926s] Level 1:colcon.colcon_core.environment:checking '/home/autodrive_devkit/ws/src/install/autodrive_f1tenth' for CMake config files
[2.927s] Level 1:colcon.colcon_core.environment:checking '/home/autodrive_devkit/ws/src/install/autodrive_f1tenth/lib'
[2.927s] Level 1:colcon.colcon_core.environment:checking '/home/autodrive_devkit/ws/src/install/autodrive_f1tenth/bin'
[2.927s] Level 1:colcon.colcon_core.environment:checking '/home/autodrive_devkit/ws/src/install/autodrive_f1tenth/lib/pkgconfig/autodrive_f1tenth.pc'
[2.928s] Level 1:colcon.colcon_core.environment:checking '/home/autodrive_devkit/ws/src/install/autodrive_f1tenth/lib/python3.10/site-packages'
[2.928s] Level 1:colcon.colcon_core.shell:create_environment_hook('autodrive_f1tenth', 'pythonpath')
[2.928s] INFO:colcon.colcon_core.shell:Creating environment hook '/home/autodrive_devkit/ws/src/install/autodrive_f1tenth/share/autodrive_f1tenth/hook/pythonpath.ps1'
[2.929s] INFO:colcon.colcon_core.shell:Creating environment descriptor '/home/autodrive_devkit/ws/src/install/autodrive_f1tenth/share/autodrive_f1tenth/hook/pythonpath.dsv'
[2.930s] INFO:colcon.colcon_core.shell:Creating environment hook '/home/autodrive_devkit/ws/src/install/autodrive_f1tenth/share/autodrive_f1tenth/hook/pythonpath.sh'
[2.931s] Level 1:colcon.colcon_core.environment:checking '/home/autodrive_devkit/ws/src/install/autodrive_f1tenth/bin'
[2.931s] Level 1:colcon.colcon_core.environment:create_environment_scripts_only(autodrive_f1tenth)
[2.932s] INFO:colcon.colcon_core.shell:Creating package script '/home/autodrive_devkit/ws/src/install/autodrive_f1tenth/share/autodrive_f1tenth/package.ps1'
[2.934s] INFO:colcon.colcon_core.shell:Creating package descriptor '/home/autodrive_devkit/ws/src/install/autodrive_f1tenth/share/autodrive_f1tenth/package.dsv'
[2.935s] INFO:colcon.colcon_core.shell:Creating package script '/home/autodrive_devkit/ws/src/install/autodrive_f1tenth/share/autodrive_f1tenth/package.sh'
[2.937s] INFO:colcon.colcon_core.shell:Creating package script '/home/autodrive_devkit/ws/src/install/autodrive_f1tenth/share/autodrive_f1tenth/package.bash'
[2.939s] INFO:colcon.colcon_core.shell:Creating package script '/home/autodrive_devkit/ws/src/install/autodrive_f1tenth/share/autodrive_f1tenth/package.zsh'
[2.940s] Level 1:colcon.colcon_core.environment:create_file_with_runtime_dependencies(/home/autodrive_devkit/ws/src/install/autodrive_f1tenth/share/colcon-core/packages/autodrive_f1tenth)
[3.784s] DEBUG:colcon.colcon_core.event_handler.log_command:Invoked command in '/home/autodrive_devkit/ws/src/build/f1tenth_dynsim' returned '1': CMAKE_PREFIX_PATH=/opt/ros/humble /usr/bin/cmake /home/autodrive_devkit/ws/src/f1tenth_dynsim -DCMAKE_INSTALL_PREFIX=/home/autodrive_devkit/ws/src/install/f1tenth_dynsim
[3.798s] Level 1:colcon.colcon_core.environment:create_environment_scripts_only(f1tenth_dynsim)
[3.799s] Level 1:colcon.colcon_core.environment:checking '/home/autodrive_devkit/ws/src/install/f1tenth_dynsim' for CMake module files
[3.800s] Level 1:colcon.colcon_core.environment:checking '/home/autodrive_devkit/ws/src/install/f1tenth_dynsim' for CMake config files
[3.800s] Level 1:colcon.colcon_core.environment:checking '/home/autodrive_devkit/ws/src/install/f1tenth_dynsim/bin'
[3.800s] Level 1:colcon.colcon_core.environment:checking '/home/autodrive_devkit/ws/src/install/f1tenth_dynsim/lib/pkgconfig/f1tenth_dynsim.pc'
[3.801s] Level 1:colcon.colcon_core.environment:checking '/home/autodrive_devkit/ws/src/install/f1tenth_dynsim/lib/python3.10/site-packages'
[3.801s] Level 1:colcon.colcon_core.environment:checking '/home/autodrive_devkit/ws/src/install/f1tenth_dynsim/bin'
[3.802s] INFO:colcon.colcon_core.shell:Creating package script '/home/autodrive_devkit/ws/src/install/f1tenth_dynsim/share/f1tenth_dynsim/package.ps1'
[3.803s] INFO:colcon.colcon_core.shell:Creating package descriptor '/home/autodrive_devkit/ws/src/install/f1tenth_dynsim/share/f1tenth_dynsim/package.dsv'
[3.803s] INFO:colcon.colcon_core.shell:Creating package script '/home/autodrive_devkit/ws/src/install/f1tenth_dynsim/share/f1tenth_dynsim/package.sh'
[3.804s] INFO:colcon.colcon_core.shell:Creating package script '/home/autodrive_devkit/ws/src/install/f1tenth_dynsim/share/f1tenth_dynsim/package.bash'
[3.804s] INFO:colcon.colcon_core.shell:Creating package script '/home/autodrive_devkit/ws/src/install/f1tenth_dynsim/share/f1tenth_dynsim/package.zsh'
[3.805s] Level 1:colcon.colcon_core.environment:create_file_with_runtime_dependencies(/home/autodrive_devkit/ws/src/install/f1tenth_dynsim/share/colcon-core/packages/f1tenth_dynsim)
[4.169s] DEBUG:colcon.colcon_parallel_executor.executor.parallel:closing loop
[4.169s] DEBUG:colcon.colcon_parallel_executor.executor.parallel:loop closed
[4.169s] DEBUG:colcon.colcon_parallel_executor.executor.parallel:run_until_complete finished with '1'
[4.169s] DEBUG:colcon.colcon_core.event_reactor:joining thread
[4.186s] INFO:colcon.colcon_core.plugin_system:Skipping extension 'colcon_notification.desktop_notification.notify_send': Could not find 'notify-send'
[4.186s] INFO:colcon.colcon_core.plugin_system:Skipping extension 'colcon_notification.desktop_notification.terminal_notifier': Not used on non-Darwin systems
[4.186s] INFO:colcon.colcon_core.plugin_system:Skipping extension 'colcon_notification.desktop_notification.win32': Not used on non-Windows systems
[4.186s] INFO:colcon.colcon_notification.desktop_notification:Sending desktop notification using 'notify2'
[4.199s] DEBUG:colcon.colcon_notification.desktop_notification.notify2:Failed to initialize notify2: org.freedesktop.DBus.Error.Spawn.ExecFailed: /usr/bin/dbus-launch terminated abnormally with the following error: Authorization required, but no authorization protocol specified
Autolaunch error: X11 initialization failed.

[4.200s] DEBUG:colcon.colcon_core.event_reactor:joined thread
[4.201s] INFO:colcon.colcon_core.shell:Creating prefix script '/home/autodrive_devkit/ws/src/install/local_setup.ps1'
[4.202s] INFO:colcon.colcon_core.shell:Creating prefix util module '/home/autodrive_devkit/ws/src/install/_local_setup_util_ps1.py'
[4.204s] INFO:colcon.colcon_core.shell:Creating prefix chain script '/home/autodrive_devkit/ws/src/install/setup.ps1'
[4.206s] INFO:colcon.colcon_core.shell:Creating prefix script '/home/autodrive_devkit/ws/src/install/local_setup.sh'
[4.207s] INFO:colcon.colcon_core.shell:Creating prefix util module '/home/autodrive_devkit/ws/src/install/_local_setup_util_sh.py'
[4.207s] INFO:colcon.colcon_core.shell:Creating prefix chain script '/home/autodrive_devkit/ws/src/install/setup.sh'
[4.209s] INFO:colcon.colcon_core.shell:Creating prefix script '/home/autodrive_devkit/ws/src/install/local_setup.bash'
[4.210s] INFO:colcon.colcon_core.shell:Creating prefix chain script '/home/autodrive_devkit/ws/src/install/setup.bash'
[4.211s] INFO:colcon.colcon_core.shell:Creating prefix script '/home/autodrive_devkit/ws/src/install/local_setup.zsh'
[4.212s] INFO:colcon.colcon_core.shell:Creating prefix chain script '/home/autodrive_devkit/ws/src/install/setup.zsh'
