[0.483s] Invoking command in '/home/autodrive_devkit/ws/src/build/f1tenth_dynsim': CMAKE_PREFIX_PATH=/opt/ros/humble /usr/bin/cmake /home/autodrive_devkit/ws/src/f1tenth_dynsim -DCMAKE_INSTALL_PREFIX=/home/autodrive_devkit/ws/src/install/f1tenth_dynsim
[0.691s] -- The C compiler identification is GNU 11.4.0
[0.820s] -- The CXX compiler identification is GNU 11.4.0
[0.832s] -- Detecting C compiler ABI info
[0.927s] -- Detecting C compiler ABI info - done
[0.937s] -- Check for working C compiler: /usr/bin/cc - skipped
[0.938s] -- Detecting C compile features
[0.939s] -- Detecting C compile features - done
[0.944s] -- Detecting CXX compiler ABI info
[1.048s] -- Detecting CXX compiler ABI info - done
[1.059s] -- Check for working CXX compiler: /usr/bin/c++ - skipped
[1.059s] -- Detecting CXX compile features
[1.060s] -- Detecting CXX compile features - done
[1.067s] -- Found ament_cmake: 1.3.12 (/opt/ros/humble/share/ament_cmake/cmake)
[1.967s] -- Found Python3: /usr/bin/python3 (found version "3.10.12") found components: Interpreter 
[2.122s] -- Found rclcpp: 16.0.14 (/opt/ros/humble/share/rclcpp/cmake)
[2.215s] -- Found rosidl_generator_c: 3.1.7 (/opt/ros/humble/share/rosidl_generator_c/cmake)
[2.225s] -- Found rosidl_adapter: 3.1.7 (/opt/ros/humble/share/rosidl_adapter/cmake)
[2.241s] -- Found rosidl_generator_cpp: 3.1.7 (/opt/ros/humble/share/rosidl_generator_cpp/cmake)
[2.263s] -- Using all available rosidl_typesupport_c: rosidl_typesupport_fastrtps_c;rosidl_typesupport_introspection_c
[2.292s] -- Using all available rosidl_typesupport_cpp: rosidl_typesupport_fastrtps_cpp;rosidl_typesupport_introspection_cpp
[2.372s] -- Found rmw_implementation_cmake: 6.1.2 (/opt/ros/humble/share/rmw_implementation_cmake/cmake)
[2.377s] -- Found rmw_fastrtps_cpp: 6.2.8 (/opt/ros/humble/share/rmw_fastrtps_cpp/cmake)
[2.517s] -- Found OpenSSL: /usr/lib/x86_64-linux-gnu/libcrypto.so (found version "3.0.2")  
[2.556s] -- Found FastRTPS: /opt/ros/humble/include  
[2.623s] -- Using RMW implementation 'rmw_fastrtps_cpp' as default
[2.648s] -- Looking for pthread.h
[2.749s] -- Looking for pthread.h - found
[2.750s] -- Performing Test CMAKE_HAVE_LIBC_PTHREAD
[2.842s] -- Performing Test CMAKE_HAVE_LIBC_PTHREAD - Success
[2.844s] -- Found Threads: TRUE  
[2.950s] [31mCMake Error at CMakeLists.txt:16 (find_package):
[2.950s]   By not providing "Findgazebo_ros.cmake" in CMAKE_MODULE_PATH this project
[2.951s]   has asked CMake to find a package configuration file provided by
[2.951s]   "gazebo_ros", but CMake did not find one.
[2.951s] 
[2.951s]   Could not find a package configuration file provided by "gazebo_ros" with
[2.951s]   any of the following names:
[2.951s] 
[2.951s]     gazebo_rosConfig.cmake
[2.952s]     gazebo_ros-config.cmake
[2.952s] 
[2.952s]   Add the installation prefix of "gazebo_ros" to CMAKE_PREFIX_PATH or set
[2.952s]   "gazebo_ros_DIR" to a directory containing one of the above files.  If
[2.952s]   "gazebo_ros" provides a separate development package or SDK, be sure it has
[2.952s]   been installed.
[2.952s] 
[2.952s] [0m
[2.953s] -- Configuring incomplete, errors occurred!
[2.953s] See also "/home/autodrive_devkit/ws/src/build/f1tenth_dynsim/CMakeFiles/CMakeOutput.log".
[2.960s] Invoked command in '/home/autodrive_devkit/ws/src/build/f1tenth_dynsim' returned '1': CMAKE_PREFIX_PATH=/opt/ros/humble /usr/bin/cmake /home/autodrive_devkit/ws/src/f1tenth_dynsim -DCMAKE_INSTALL_PREFIX=/home/autodrive_devkit/ws/src/install/f1tenth_dynsim
